<?xml version="1.0" encoding="UTF-8"?>
<!-- Generated by org.testng.reporters.JUnitXMLReporter -->
<testsuite ignored="0" hostname="Lipsas-MacBook-Pro.local" failures="0" tests="3" name="Default test" time="73.08" errors="0" timestamp="15 Mar 2022 18:39:01 GMT">
  <testcase classname="src_Appium.RainApk" name="testRegFlow" time="31.367"/>
  <testcase classname="src_Appium.RainApk" name="testSignIn" time="18.525"/>
  <testcase classname="src_Appium.RainApk" name="testSignIn" time="17.203"/>
</testsuite> <!-- Default test -->
