<?xml version="1.0" encoding="UTF-8"?>
<testng-results ignored="0" total="3" passed="3" failed="0" skipped="0">
  <reporter-output>
  </reporter-output>
  <suite started-at="2022-03-15T18:37:48Z" name="Default suite" finished-at="2022-03-15T18:39:01Z" duration-ms="73080">
    <groups>
    </groups>
    <test started-at="2022-03-15T18:37:48Z" name="Default test" finished-at="2022-03-15T18:39:01Z" duration-ms="73080">
      <class name="src_Appium.RainApk">
        <test-method is-config="true" signature="setUp()[pri:0, instance:src_Appium.RainApk@65c7a252]" started-at="2022-03-15T18:37:48Z" name="setUp" finished-at="2022-03-15T18:37:54Z" duration-ms="5681" status="PASS">
          <reporter-output>
          </reporter-output>
        </test-method> <!-- setUp -->
        <test-method signature="testRegFlow()[pri:0, instance:src_Appium.RainApk@65c7a252]" started-at="2022-03-15T18:37:54Z" name="testRegFlow" finished-at="2022-03-15T18:38:25Z" duration-ms="31367" status="PASS">
          <reporter-output>
          </reporter-output>
        </test-method> <!-- testRegFlow -->
        <test-method signature="testSignIn(java.lang.String, java.lang.String)[pri:1, instance:src_Appium.RainApk@65c7a252]" started-at="2022-03-15T18:38:25Z" name="testSignIn" data-provider="testdata" finished-at="2022-03-15T18:38:44Z" depends-on-methods="src_Appium.RainApk.testRegFlow" duration-ms="18525" status="PASS">
          <params>
            <param index="0">
              <value>
                <![CDATA[test8083@gmail.com]]>
              </value>
            </param>
            <param index="1">
              <value>
                <![CDATA[Test@test@#12345678990123456##]]>
              </value>
            </param>
          </params>
          <reporter-output>
          </reporter-output>
        </test-method> <!-- testSignIn -->
        <test-method signature="testSignIn(java.lang.String, java.lang.String)[pri:1, instance:src_Appium.RainApk@65c7a252]" started-at="2022-03-15T18:38:44Z" name="testSignIn" data-provider="testdata" finished-at="2022-03-15T18:39:01Z" depends-on-methods="src_Appium.RainApk.testRegFlow" duration-ms="17203" status="PASS">
          <params>
            <param index="0">
              <value>
                <![CDATA[username2@gmail.com]]>
              </value>
            </param>
            <param index="1">
              <value>
                <![CDATA[Password290]]>
              </value>
            </param>
          </params>
          <reporter-output>
          </reporter-output>
        </test-method> <!-- testSignIn -->
        <test-method is-config="true" signature="teardown()[pri:0, instance:src_Appium.RainApk@65c7a252]" started-at="2022-03-15T18:39:01Z" name="teardown" finished-at="2022-03-15T18:39:01Z" duration-ms="237" status="PASS">
          <reporter-output>
          </reporter-output>
        </test-method> <!-- teardown -->
      </class> <!-- src_Appium.RainApk -->
    </test> <!-- Default test -->
  </suite> <!-- Default suite -->
</testng-results>
